# JRE version: Java(TM) SE Runtime Environment (17.0.11+7) (build 17.0.11+7-LTS-207)
# Java VM: Java HotSpot(TM) 64-Bit Server VM (17.0.11+7-LTS-207, mixed mode, sharing, tiered, compressed oops, compressed class ptrs, g1 gc, windows-amd64)
GC Precious Log:
 CPUs: 12 total, 12 available
 Memory: 32678M
 Large Page Support: Disabled
 NUMA Support: Disabled
 Compressed Oops: Enabled (Zero based)
 Heap Region Size: 4M
 Heap Min Capacity: 8M
 Heap Initial Capacity: 512M
 Heap Max Capacity: 8172M
 Pre-touch: Disabled
 Parallel Workers: 10
 Concurrent Workers: 3
 Concurrent Refinement Workers: 10
 Periodic GC: Disabled
Heap:
 garbage-first heap   total 98304K, used 68214K [0x0000000601400000, 0x0000000800000000)
  region size 4096K, 12 young (49152K), 1 survivors (4096K)
 Metaspace       used 59532K, committed 60096K, reserved 1114112K
  class space    used 8160K, committed 8384K, reserved 1048576K
GC Heap History (20 events):
Event: 0.382 GC heap after
{Heap after GC invocations=1 (full 0):
 garbage-first heap   total 524288K, used 7565K [0x0000000601400000, 0x0000000800000000)
  region size 4096K, 1 young (4096K), 1 survivors (4096K)
 Metaspace       used 5829K, committed 6080K, reserved 1114112K
  class space    used 705K, committed 832K, reserved 1048576K
}
Event: 0.596 GC heap before
{Heap before GC invocations=1 (full 0):
 garbage-first heap   total 524288K, used 28045K [0x0000000601400000, 0x0000000800000000)
  region size 4096K, 6 young (24576K), 1 survivors (4096K)
 Metaspace       used 11178K, committed 11456K, reserved 1114112K
  class space    used 1411K, committed 1536K, reserved 1048576K
}
Event: 0.599 GC heap after
{Heap after GC invocations=2 (full 0):
 garbage-first heap   total 524288K, used 8839K [0x0000000601400000, 0x0000000800000000)
  region size 4096K, 1 young (4096K), 1 survivors (4096K)
 Metaspace       used 11178K, committed 11456K, reserved 1114112K
  class space    used 1411K, committed 1536K, reserved 1048576K
}
Event: 0.994 GC heap before
{Heap before GC invocations=2 (full 0):
 garbage-first heap   total 524288K, used 53895K [0x0000000601400000, 0x0000000800000000)
  region size 4096K, 12 young (49152K), 1 survivors (4096K)
 Metaspace       used 19591K, committed 19968K, reserved 1114112K
  class space    used 2453K, committed 2624K, reserved 1048576K
}
Event: 0.997 GC heap after
{Heap after GC invocations=3 (full 0):
 garbage-first heap   total 524288K, used 13533K [0x0000000601400000, 0x0000000800000000)
  region size 4096K, 2 young (8192K), 2 survivors (8192K)
 Metaspace       used 19591K, committed 19968K, reserved 1114112K
  class space    used 2453K, committed 2624K, reserved 1048576K
}
Event: 1.136 GC heap before
{Heap before GC invocations=3 (full 0):
 garbage-first heap   total 524288K, used 25821K [0x0000000601400000, 0x0000000800000000)
  region size 4096K, 6 young (24576K), 2 survivors (8192K)
 Metaspace       used 21186K, committed 21504K, reserved 1114112K
  class space    used 2639K, committed 2816K, reserved 1048576K
}
Event: 1.138 GC heap after
{Heap after GC invocations=4 (full 0):
 garbage-first heap   total 524288K, used 14586K [0x0000000601400000, 0x0000000800000000)
  region size 4096K, 2 young (8192K), 2 survivors (8192K)
 Metaspace       used 21186K, committed 21504K, reserved 1114112K
  class space    used 2639K, committed 2816K, reserved 1048576K
}
Event: 1.540 GC heap before
{Heap before GC invocations=5 (full 0):
 garbage-first heap   total 69632K, used 47354K [0x0000000601400000, 0x0000000800000000)
  region size 4096K, 10 young (40960K), 2 survivors (8192K)
 Metaspace       used 26561K, committed 26944K, reserved 1114112K
  class space    used 3399K, committed 3584K, reserved 1048576K
}
Event: 1.546 GC heap after
{Heap after GC invocations=6 (full 0):
 garbage-first heap   total 69632K, used 16833K [0x0000000601400000, 0x0000000800000000)
  region size 4096K, 1 young (4096K), 1 survivors (4096K)
 Metaspace       used 26561K, committed 26944K, reserved 1114112K
  class space    used 3399K, committed 3584K, reserved 1048576K
}
Event: 1.604 GC heap before
{Heap before GC invocations=6 (full 0):
 garbage-first heap   total 69632K, used 20929K [0x0000000601400000, 0x0000000800000000)
  region size 4096K, 2 young (8192K), 1 survivors (4096K)
 Metaspace       used 27141K, committed 27584K, reserved 1114112K
  class space    used 3506K, committed 3712K, reserved 1048576K
}
Event: 1.608 GC heap after
{Heap after GC invocations=7 (full 0):
 garbage-first heap   total 69632K, used 17513K [0x0000000601400000, 0x0000000800000000)
  region size 4096K, 1 young (4096K), 1 survivors (4096K)
 Metaspace       used 27141K, committed 27584K, reserved 1114112K
  class space    used 3506K, committed 3712K, reserved 1048576K
}
Event: 1.933 GC heap before
{Heap before GC invocations=7 (full 0):
 garbage-first heap   total 69632K, used 37993K [0x0000000601400000, 0x0000000800000000)
  region size 4096K, 7 young (28672K), 1 survivors (4096K)
 Metaspace       used 32138K, committed 32576K, reserved 1114112K
  class space    used 4115K, committed 4352K, reserved 1048576K
}
Event: 1.936 GC heap after
{Heap after GC invocations=8 (full 0):
 garbage-first heap   total 299008K, used 19076K [0x0000000601400000, 0x0000000800000000)
  region size 4096K, 1 young (4096K), 1 survivors (4096K)
 Metaspace       used 32138K, committed 32576K, reserved 1114112K
  class space    used 4115K, committed 4352K, reserved 1048576K
}
Event: 2.107 GC heap before
{Heap before GC invocations=8 (full 0):
 garbage-first heap   total 299008K, used 31364K [0x0000000601400000, 0x0000000800000000)
  region size 4096K, 5 young (20480K), 1 survivors (4096K)
 Metaspace       used 35559K, committed 35968K, reserved 1114112K
  class space    used 4650K, committed 4864K, reserved 1048576K
}
Event: 2.110 GC heap after
{Heap after GC invocations=9 (full 0):
 garbage-first heap   total 299008K, used 19574K [0x0000000601400000, 0x0000000800000000)
  region size 4096K, 1 young (4096K), 1 survivors (4096K)
 Metaspace       used 35559K, committed 35968K, reserved 1114112K
  class space    used 4650K, committed 4864K, reserved 1048576K
}
Event: 2.825 GC heap before
{Heap before GC invocations=10 (full 0):
 garbage-first heap   total 98304K, used 72822K [0x0000000601400000, 0x0000000800000000)
  region size 4096K, 14 young (57344K), 1 survivors (4096K)
 Metaspace       used 49920K, committed 50368K, reserved 1114112K
  class space    used 6716K, committed 6912K, reserved 1048576K
}
Event: 2.828 GC heap after
{Heap after GC invocations=11 (full 0):
 garbage-first heap   total 98304K, used 22773K [0x0000000601400000, 0x0000000800000000)
  region size 4096K, 2 young (8192K), 2 survivors (8192K)
 Metaspace       used 49920K, committed 50368K, reserved 1114112K
  class space    used 6716K, committed 6912K, reserved 1048576K
}
Event: 2.869 GC heap before
{Heap before GC invocations=11 (full 0):
 garbage-first heap   total 98304K, used 26869K [0x0000000601400000, 0x0000000800000000)
  region size 4096K, 3 young (12288K), 2 survivors (8192K)
 Metaspace       used 50652K, committed 51136K, reserved 1114112K
  class space    used 6881K, committed 7104K, reserved 1048576K
}
Event: 2.873 GC heap after
{Heap after GC invocations=12 (full 0):
 garbage-first heap   total 98304K, used 23158K [0x0000000601400000, 0x0000000800000000)
  region size 4096K, 1 young (4096K), 1 survivors (4096K)
 Metaspace       used 50652K, committed 51136K, reserved 1114112K
  class space    used 6881K, committed 7104K, reserved 1048576K
}
Event: 3.345 GC heap before
{Heap before GC invocations=12 (full 0):
 garbage-first heap   total 98304K, used 68214K [0x0000000601400000, 0x0000000800000000)
  region size 4096K, 12 young (49152K), 1 survivors (4096K)
 Metaspace       used 59532K, committed 60096K, reserved 1114112K
  class space    used 8160K, committed 8384K, reserved 1048576K
}

